[2023-10-21 11:26:17.584362 +02:00] [I] [T 24632]: init log
[2023-10-21 11:26:17.584509 +02:00] [I] [T 24632]: Version: 01.07.04.02
[2023-10-21 11:26:17.584514 +02:00] [I] [T 24632]: Agent: set_cert_dir_name, dir=C:\Program Files\OrcaSlicer\resources/cert, name=slicer_base64.cer
[2023-10-21 11:26:17.584548 +02:00] [I] [T 24632]: set_on_server_connected_fn
[2023-10-21 11:26:17.584549 +02:00] [I] [T 24632]: set_on_printer_connected_fn
[2023-10-21 11:26:17.584551 +02:00] [I] [T 24632]: set_get_country_code_fn
[2023-10-21 11:26:17.584552 +02:00] [I] [T 24632]: set_on_local_connect_fn
[2023-10-21 11:26:17.584552 +02:00] [I] [T 24632]: set_on_message_fn
[2023-10-21 11:26:17.584552 +02:00] [I] [T 24632]: set_on_local_message_fn
[2023-10-21 11:26:17.584554 +02:00] [I] [T 24632]: set_queue_on_main_fn
[2023-10-21 11:26:17.584565 +02:00] [I] [T 24632]: set host to https://api.bambulab.com/v1
[2023-10-21 11:26:17.584566 +02:00] [I] [T 24632]: region update iot = https://api.bambulab.com/v1
[2023-10-21 11:26:17.584566 +02:00] [I] [T 24632]: region update api = https://api.bambulab.com/
[2023-10-21 11:26:17.584566 +02:00] [I] [T 24632]: region update mqtt = ssl://us.mqtt.bambulab.com:8883
[2023-10-21 11:26:17.584567 +02:00] [I] [T 24632]: region update tutk = US
[2023-10-21 11:26:17.584567 +02:00] [I] [T 24632]: region update base domain = bambulab.com
[2023-10-21 11:26:17.584567 +02:00] [I] [T 24632]: region update environment = 
[2023-10-21 11:26:17.584567 +02:00] [I] [T 24632]: region update wifi_code = US
[2023-10-21 11:26:17.584567 +02:00] [I] [T 24632]: region update design = https://bambulab.com
[2023-10-21 11:26:17.584568 +02:00] [I] [T 24632]: Agent: load_config
[2023-10-21 11:26:17.584586 +02:00] [I] [T 24632]: load_user_info
[2023-10-21 11:26:17.584587 +02:00] [I] [T 24632]: save_user_info
[2023-10-21 11:26:17.584590 +02:00] [I] [T 24632]: set_on_server_connected_fn
[2023-10-21 11:26:17.584590 +02:00] [I] [T 24632]: set_on_printer_connected_fn
[2023-10-21 11:26:17.584591 +02:00] [I] [T 24632]: set_get_country_code_fn
[2023-10-21 11:26:17.584591 +02:00] [I] [T 24632]: set_on_local_connect_fn
[2023-10-21 11:26:17.584591 +02:00] [I] [T 24632]: set_on_message_fn
[2023-10-21 11:26:17.584591 +02:00] [I] [T 24632]: set_on_local_message_fn
[2023-10-21 11:26:17.584591 +02:00] [I] [T 24632]: set_queue_on_main_fn
[2023-10-21 11:26:17.584594 +02:00] [I] [T 24632]: set_on_http_error_fn
[2023-10-21 11:26:17.584597 +02:00] [I] [T 24632]: ssdp: stop()
[2023-10-21 11:26:17.588610 +02:00] [I] [T 24632]: SsdpDiscovery:start_ssdp with card number = 2
[2023-10-21 11:26:17.588658 +02:00] [I] [T 24632]: SsdpDiscovery::start_discover(), create thread 0
[2023-10-21 11:26:17.588691 +02:00] [I] [T 24632]: SsdpDiscovery::start_discover(), create thread 1
[2023-10-21 11:32:24.645316 +02:00] [I] [T 24632]: ssdp: stop()
[2023-10-21 11:32:24.846423 +02:00] [I] [T 24632]: SsdpDiscovery::stop_discover(), join thread 0
[2023-10-21 11:32:25.050693 +02:00] [I] [T 24632]: SsdpDiscovery::stop_discover(), join thread 1
[2023-10-21 11:32:25.050775 +02:00] [I] [T 24632]: Agent: save_config
